06/14/2023 17:38:11 root            INFO     Log creado
06/14/2023 17:38:12 mysql.connector INFO     package: mysql.connector.plugins
06/14/2023 17:38:12 mysql.connector INFO     plugin_name: mysql_native_password
06/14/2023 17:38:12 mysql.connector INFO     AUTHENTICATION_PLUGIN_CLASS: MySQLNativePasswordAuthPlugin
06/14/2023 17:38:13 root            INFO     Conexión a Base de datos MySQL "piloto_v1" exitosa
06/14/2023 17:38:17 root            INFO     Consulta "SELECT * FROM area" exitosa
06/14/2023 17:38:17 root            INFO     Consulta "SELECT * FROM colaboradores_agencia" exitosa
06/14/2023 17:38:21 root            INFO     Archivo: prueba_carga_datos.xlsx / hoja: "area" cargado correctamente
06/14/2023 17:38:35 root            INFO     Archivo: prueba_carga_datos.xlsx / hoja: "area" cargado correctamente
06/14/2023 17:38:49 root            INFO     Columnas renombradas: {'ID': 'id_area', 'Nombre': 'area', 'Tipo': 'tipo', 'Jefatura': 'jefatura', 'Objetivo': 'objetivo'}
06/14/2023 17:38:49 root            INFO     Filas nulas a descartar:
    id_area area               tipo     jefatura  objetivo
0      NaN   A1  Área de Ejecución  1.111.111-1  Objetivo
4      NaN   A4   Oficina Temática  4.444.444-4  Objetivo
06/14/2023 17:38:49 root            INFO     Filas duplicadas a descartar:
     id_area          area               tipo     jefatura  objetivo
1       2.0            A2  Área de Ejecución  2.222.222-2  Objetivo
5       5.0            A5   Oficina Temática  5.555.555-5  Objetivo
8       7.0            A7           Gerencia  7.777.777-7  Objetivo
9       7.0  A7 Duplicado           Gerencia  7.777.777-7  Objetivo
10      7.0  A7 Duplicado           Gerencia  7.777.777-7  Objetivo
06/14/2023 17:38:49 root            INFO     Nuevos tipos de datos:
   id_area    area    tipo jefatura objetivo
0   int64  object  object   object   object
06/14/2023 17:38:54 root            INFO     Generando consulta INSERT SQL
06/14/2023 17:38:55 root            INFO     Consulta INSERT/UPDATE/DELETE exitosa
06/14/2023 17:38:55 root            INFO     Consulta "SELECT * FROM area" exitosa
06/14/2023 17:41:46 root            INFO     Archivo: prueba_carga_datos.xlsx / hoja: "area_2" cargado correctamente
06/14/2023 17:41:46 root            INFO     Columnas renombradas: {'ID': 'id_area', 'Nombre': 'area', 'Tipo': 'tipo', 'Jefatura': 'jefatura', 'Objetivo': 'objetivo'}
06/14/2023 17:41:46 root            INFO     Filas nulas a descartar:
    id_area area               tipo     jefatura  objetivo
0      NaN   A1  Área de Ejecución  1.111.111-1  Objetivo
4      NaN   A4   Oficina Temática  4.444.444-4  Objetivo
06/14/2023 17:41:46 root            INFO     Filas duplicadas a descartar:
     id_area          area               tipo     jefatura  objetivo
1       2.0            A2  Área de Ejecución  2.222.222-2  Objetivo
5       5.0            A5   Oficina Temática  5.555.555-5  Objetivo
8       7.0            A7           Gerencia  7.777.777-7  Objetivo
9       7.0  A7 Duplicado           Gerencia  7.777.777-7  Objetivo
10      7.0  A7 Duplicado           Gerencia  7.777.777-7  Objetivo
06/14/2023 17:41:46 root            INFO     Nuevos tipos de datos:
   id_area    area    tipo jefatura objetivo
0   int64  object  object   object   object
06/14/2023 17:41:46 root            INFO     Llaves Primarias existentes en BD a descartar:
 [2, 3, 5, 6, 7]
